<?xml version="1.0" encoding="UTF-8"?>
<testsuite name="CustomerTest" tests="1" skipped="0" failures="0" errors="0" timestamp="2018-10-18T19:43:32" hostname="MacBook-Air-Micha.local" time="1.753">
  <properties/>
  <testcase name="getAllPhonesTest" classname="CustomerTest" time="1.753"/>
  <system-out><![CDATA[]]></system-out>
  <system-err><![CDATA[paź 18, 2018 9:43:32 PM org.glassfish.jersey.test.grizzly.GrizzlyWebTestContainerFactory$GrizzlyWebTestContainer <init>
INFO: Creating GrizzlyWebTestContainer configured at the base URI http://localhost:9998/
paź 18, 2018 9:43:32 PM org.glassfish.grizzly.servlet.WebappContext deploy
INFO: Starting application [TestContext] ...
paź 18, 2018 9:43:33 PM org.glassfish.grizzly.servlet.WebappContext initServlets
INFO: [TestContext] Servlet [org.glassfish.jersey.servlet.ServletContainer] registered for url pattern(s) [[/*]].
paź 18, 2018 9:43:33 PM org.glassfish.grizzly.servlet.WebappContext deploy
INFO: Application [TestContext] is ready to service requests.  Root: [].
paź 18, 2018 9:43:33 PM org.glassfish.grizzly.http.server.NetworkListener start
INFO: Started listener bound to [localhost:9998]
paź 18, 2018 9:43:33 PM org.glassfish.grizzly.http.server.HttpServer start
INFO: [HttpServer] Started.
paź 18, 2018 9:43:33 PM org.glassfish.grizzly.http.server.NetworkListener shutdownNow
INFO: Stopped listener bound to [localhost:9998]
]]></system-err>
</testsuite>
